Jan 07 02:06 : exception: Failed to open '/home/rei/.mpd/mpdstate': No such file or directory
Jan 07 02:06 : update: added SCANDAL/Albums/TEMPTATION BOX/放課後1H - Hokago 1h.mp3
Jan 07 02:06 : update: added SCANDAL/Albums/TEMPTATION BOX/さよならMy Friend - Sayonara My Friend.mp3
Jan 07 02:06 : update: added SCANDAL/Albums/TEMPTATION BOX/Hello!Hello! - Hello Hello.mp3
Jan 07 02:06 : update: added SCANDAL/Albums/TEMPTATION BOX/会いたい - Aitai.mp3
Jan 07 02:06 : update: added SCANDAL/Albums/TEMPTATION BOX/Everybody Say Yeah.mp3
Jan 07 02:06 : update: added SCANDAL/Albums/TEMPTATION BOX/太陽と君が描くSTORY - Taiyo To Kimi Ga Egaku Story.mp3
Jan 07 02:06 : update: added SCANDAL/Albums/TEMPTATION BOX/少女M - Shojo M.mp3
Jan 07 02:06 : update: added SCANDAL/Albums/TEMPTATION BOX/Hi-Hi-Hi - Hi Hi Hi.mp3
Jan 07 02:06 : update: added SCANDAL/Albums/TEMPTATION BOX/Girlism.mp3
Jan 07 02:06 : update: added SCANDAL/Albums/TEMPTATION BOX/涙のリグレット - Namida No Regret.mp3
Jan 07 02:06 : update: added SCANDAL/Albums/TEMPTATION BOX/瞬間センチメンタル - Shunkan Sentimental.mp3
Jan 07 02:06 : update: added SCANDAL/Albums/TEMPTATION BOX/プレイボーイPart II - Play Boy Part2.mp3
Jan 07 02:06 : update: added SCANDAL/Albums/BABY ACTION/ハルカ - Haruka.mp3
Jan 07 02:06 : update: added SCANDAL/Albums/BABY ACTION/Pride.mp3
Jan 07 02:06 : update: added SCANDAL/Albums/BABY ACTION/スキャンダルなんかブッ飛ばせ - Scandal Nanka Buttobase.mp3
Jan 07 02:06 : update: added SCANDAL/Albums/BABY ACTION/アップルたちの伝言 - Apple tachinodengon.mp3
Jan 07 02:06 : update: added SCANDAL/Albums/BABY ACTION/東京スカイスクレイパー - Tokyo Skyscraper.mp3
Jan 07 02:06 : update: added SCANDAL/Albums/BABY ACTION/Love Survive.mp3
Jan 07 02:06 : update: added SCANDAL/Albums/BABY ACTION/Glamorous you.mp3
Jan 07 02:06 : update: added SCANDAL/Albums/BABY ACTION/その時、世界はキミだらけのレイン - Sonotoki sekaiwa kimidarakeno rain.mp3
Jan 07 02:06 : update: added SCANDAL/Albums/BABY ACTION/Sparkling.mp3
Jan 07 02:06 : update: added SCANDAL/Albums/BABY ACTION/One Piece.mp3
Jan 07 02:06 : update: added SCANDAL/Albums/BABY ACTION/Burn.mp3
Jan 07 02:06 : update: added SCANDAL/Albums/BABY ACTION/Very Special.mp3
Jan 07 02:06 : update: added SCANDAL/Albums/BEST SCANDAL/夢見るつばさ - Yumemiru Tsubasa.mp3
Jan 07 02:06 : update: added SCANDAL/Albums/BEST SCANDAL/ひとつだけ - Hitotsudake.mp3
Jan 07 02:06 : update: added SCANDAL/Albums/BEST SCANDAL/Scandal Baby.mp3
Jan 07 02:06 : update: added SCANDAL/Albums/BEST SCANDAL/キミと夜と涙 - Kimi To Yoru To Namida.mp3
Jan 07 02:06 : update: added SCANDAL/Albums/BEST SCANDAL/マボロシナイト - Maboroshi Night.mp3
Jan 07 02:06 : update: added SCANDAL/Albums/BEST SCANDAL/Doll.mp3
Jan 07 02:06 : update: added SCANDAL/Albums/BEST SCANDAL/カゲロウ-album mix- - Kagerou.mp3
Jan 07 02:06 : update: added SCANDAL/Albums/BEST SCANDAL/アナタガマワル - Anata Ga Mawaru.mp3
Jan 07 02:06 : update: added SCANDAL/Albums/BEST SCANDAL/スペースレンジャー - Space Ranger.mp3
Jan 07 02:06 : update: added SCANDAL/Albums/BEST SCANDAL/SAKURAグッバイ - Sakura Good Bye.mp3
Jan 07 02:06 : update: added SCANDAL/Albums/BEST SCANDAL/少女S - Shoujyo S.mp3
Jan 07 02:06 : update: added SCANDAL/Albums/BEST SCANDAL/Ring!Ring!Ring!.mp3
Jan 07 02:06 : update: added SCANDAL/Albums/BEST SCANDAL/恋模様 - Koimoyou.mp3
Jan 07 02:06 : update: added YOASOBI/EP/はじめての/ミスター.mp3
Jan 07 02:06 : update: added YOASOBI/EP/はじめての/セブンティーン.mp3
Jan 07 02:06 : update: added YOASOBI/EP/はじめての/海のまにまに.mp3
Jan 07 02:06 : update: added YOASOBI/EP/はじめての/好きだ.mp3
Jan 07 02:06 : update: added YOASOBI/Albums/THE BOOK 3/アドベンチャー.mp3
Jan 07 02:06 : update: added YOASOBI/Albums/THE BOOK 3/ミスター.mp3
Jan 07 02:06 : update: added YOASOBI/Albums/THE BOOK 3/勇者.mp3
Jan 07 02:06 : update: added YOASOBI/Albums/THE BOOK 3/セブンティーン.mp3
Jan 07 02:06 : update: added YOASOBI/Albums/THE BOOK 3/海のまにまに.mp3
Jan 07 02:06 : update: added YOASOBI/Albums/THE BOOK 3/祝福.mp3
Jan 07 02:06 : update: added YOASOBI/Albums/THE BOOK 3/好きだ.mp3
Jan 07 02:06 : update: added YOASOBI/Albums/THE BOOK 3/アイドル.mp3
Jan 07 02:06 : update: added YOASOBI/Albums/THE BOOK 3/Interlude ＂Worship＂.mp3
Jan 07 02:06 : update: added YOASOBI/Albums/THE BOOK 3/Interlude ＂Awakening＂.mp3
Jan 07 02:06 : update: added YOASOBI/Albums/THE BOOK/Prologue.mp3
Jan 07 02:06 : update: added YOASOBI/Albums/THE BOOK/Epilogue.mp3
Jan 07 02:06 : update: added YOASOBI/Albums/THE BOOK/ハルジオン.mp3
Jan 07 02:06 : update: added YOASOBI/Albums/THE BOOK/夜に駆ける.mp3
Jan 07 02:06 : update: added YOASOBI/Albums/THE BOOK/あの夢をなぞって.mp3
Jan 07 02:06 : update: added YOASOBI/Albums/THE BOOK/たぶん.mp3
Jan 07 02:06 : update: added YOASOBI/Albums/THE BOOK/アンコール.mp3
Jan 07 02:06 : update: added YOASOBI/Albums/THE BOOK/ハルカ.mp3
Jan 07 02:06 : update: added YOASOBI/Albums/THE BOOK/群青.mp3
Jan 07 02:06 : update: added YOASOBI/Albums/THE BOOK 2/優しい彗星.mp3
Jan 07 02:06 : update: added YOASOBI/Albums/THE BOOK 2/ラブレター.mp3
Jan 07 02:06 : update: added YOASOBI/Albums/THE BOOK 2/もう少しだけ.mp3
Jan 07 02:06 : update: added YOASOBI/Albums/THE BOOK 2/もしも命が描けたら.mp3
Jan 07 02:06 : update: added YOASOBI/Albums/THE BOOK 2/ツバメ (feat. ミドリーズ).mp3
Jan 07 02:06 : update: added YOASOBI/Albums/THE BOOK 2/三原色.mp3
Jan 07 02:06 : update: added YOASOBI/Albums/THE BOOK 2/怪物.mp3
Jan 07 02:06 : update: added YOASOBI/Albums/THE BOOK 2/Romance.mp3
Jan 07 02:06 : update: added Citypop & 80s ~Parallel World~ Vol.1/暑さで溶けそうなＳＵＭＭＥＲ.mp3
Jan 07 02:06 : update: added Citypop & 80s ~Parallel World~ Vol.1/海岸線ドライバー.mp3
Jan 07 02:06 : update: added Citypop & 80s ~Parallel World~ Vol.1/パジャマの夜.mp3
Jan 07 02:06 : update: added Citypop & 80s ~Parallel World~ Vol.1/突然の雨.mp3
Jan 07 02:06 : update: added Citypop & 80s ~Parallel World~ Vol.1/Alone in the Rain.mp3
Jan 07 02:06 : update: added Citypop & 80s ~Parallel World~ Vol.1/omake/匍匐恐怖.mp3
Jan 07 02:06 : update: added Citypop & 80s ~Parallel World~ Vol.1/omake/探せリップスティック (1982).mp3
Jan 07 02:06 : update: added Citypop & 80s ~Parallel World~ Vol.1/omake/アローン・イン・ザ・レーン (1976).mp3
Jan 07 02:06 : update: added Citypop & 80s ~Parallel World~ Vol.1/omake/狙え！羽ばたく.mp3
Jan 07 02:06 : update: added Citypop & 80s ~Parallel World~ Vol.1/omake/SECRET NIGHTLIFE.mp3
Jan 07 02:06 : update: added Citypop & 80s ~Parallel World~ Vol.1/ただの影.mp3
Jan 07 02:06 : update: added Citypop & 80s ~Parallel World~ Vol.1/コンビニエンス・ナイト.mp3
Jan 07 02:06 : update: added Citypop & 80s ~Parallel World~ Vol.1/未完成.mp3
Jan 07 02:06 : update: added Citypop & 80s ~Parallel World~ Vol.1/探せＬＩＰＳＴＩＣＫ.mp3
Jan 07 02:06 : update: added Citypop & 80s ~Parallel World~ Vol.1/神秘的ね.mp3
Jan 07 02:06 : update: added Citypop & 80s ~Parallel World~ Vol.1/愛の旅列車.mp3
Jan 07 02:06 : update: added Citypop & 80s ~Parallel World~ Vol.1/島の楽園.mp3
Jan 07 02:06 : update: added Citypop & 80s ~Parallel World~ Vol.1/眠りのビート.mp3
Jan 07 02:06 : update: added Citypop & 80s ~Parallel World~ Vol.1/軍のためならば.mp3
Jan 07 02:06 : update: added Citypop & 80s ~Parallel World~ Vol.1/寝坊のわたしに.mp3
Jan 07 02:06 : update: added Citypop & 80s ~Parallel World~ Vol.1/Ｖａｌｅｎｔｉｎｅ　Ｆｌｏｗｅｒ.mp3
Jan 07 02:11 : player: played "SCANDAL/Albums/TEMPTATION BOX/Everybody Say Yeah.mp3"
Jan 07 02:15 : player: played "SCANDAL/Albums/TEMPTATION BOX/太陽と君が描くSTORY - Taiyo To Kimi Ga Egaku Story.mp3"
Jan 07 02:19 : player: played "SCANDAL/Albums/TEMPTATION BOX/瞬間センチメンタル - Shunkan Sentimental.mp3"
Jan 07 02:19 : player: played "SCANDAL/Albums/TEMPTATION BOX/放課後1H - Hokago 1h.mp3"
Jan 07 09:43 : player: played "Citypop & 80s ~Parallel World~ Vol.1/omake/狙え！羽ばたく.mp3"
Jan 07 09:46 : player: played "Citypop & 80s ~Parallel World~ Vol.1/突然の雨.mp3"
Jan 07 09:50 : player: played "Citypop & 80s ~Parallel World~ Vol.1/寝坊のわたしに.mp3"
Jan 07 09:54 : player: played "Citypop & 80s ~Parallel World~ Vol.1/軍のためならば.mp3"
Jan 07 09:57 : player: played "Citypop & 80s ~Parallel World~ Vol.1/未完成.mp3"
Jan 07 10:01 : player: played "Citypop & 80s ~Parallel World~ Vol.1/海岸線ドライバー.mp3"
Jan 07 10:06 : player: played "Citypop & 80s ~Parallel World~ Vol.1/島の楽園.mp3"
Jan 07 10:10 : player: played "Citypop & 80s ~Parallel World~ Vol.1/パジャマの夜.mp3"
Jan 07 10:13 : player: played "Citypop & 80s ~Parallel World~ Vol.1/神秘的ね.mp3"
Jan 07 10:18 : player: played "Citypop & 80s ~Parallel World~ Vol.1/暑さで溶けそうなＳＵＭＭＥＲ.mp3"
Jan 07 10:21 : player: played "Citypop & 80s ~Parallel World~ Vol.1/探せＬＩＰＳＴＩＣＫ.mp3"
Jan 07 10:25 : player: played "Citypop & 80s ~Parallel World~ Vol.1/コンビニエンス・ナイト.mp3"
Jan 07 10:28 : player: played "Citypop & 80s ~Parallel World~ Vol.1/Ｖａｌｅｎｔｉｎｅ　Ｆｌｏｗｅｒ.mp3"
Jan 07 10:32 : player: played "Citypop & 80s ~Parallel World~ Vol.1/愛の旅列車.mp3"
Jan 07 10:36 : player: played "Citypop & 80s ~Parallel World~ Vol.1/眠りのビート.mp3"
Jan 07 10:40 : player: played "Citypop & 80s ~Parallel World~ Vol.1/ただの影.mp3"
Jan 07 10:43 : player: played "Citypop & 80s ~Parallel World~ Vol.1/Alone in the Rain.mp3"
Jan 07 10:47 : player: played "Citypop & 80s ~Parallel World~ Vol.1/omake/探せリップスティック (1982).mp3"
Jan 07 10:50 : player: played "Citypop & 80s ~Parallel World~ Vol.1/omake/SECRET NIGHTLIFE.mp3"
Jan 07 12:33 : player: played "Citypop & 80s ~Parallel World~ Vol.1/突然の雨.mp3"
Jan 07 12:33 : output: Failed to pause "pulse audio" (pulse): failed to connect the stream: Connection terminated
Jan 07 14:17 : player: played "Citypop & 80s ~Parallel World~ Vol.1/突然の雨.mp3"
Jan 07 14:21 : player: played "Citypop & 80s ~Parallel World~ Vol.1/寝坊のわたしに.mp3"
Jan 07 14:25 : player: played "Citypop & 80s ~Parallel World~ Vol.1/軍のためならば.mp3"
Jan 07 14:28 : player: played "Citypop & 80s ~Parallel World~ Vol.1/未完成.mp3"
Jan 07 14:32 : player: played "Citypop & 80s ~Parallel World~ Vol.1/海岸線ドライバー.mp3"
Jan 07 14:37 : player: played "Citypop & 80s ~Parallel World~ Vol.1/島の楽園.mp3"
Jan 07 14:41 : player: played "Citypop & 80s ~Parallel World~ Vol.1/パジャマの夜.mp3"
Jan 07 14:45 : player: played "Citypop & 80s ~Parallel World~ Vol.1/神秘的ね.mp3"
Jan 07 14:51 : player: played "Citypop & 80s ~Parallel World~ Vol.1/omake/探せリップスティック (1982).mp3"
Jan 07 14:56 : player: played "Citypop & 80s ~Parallel World~ Vol.1/omake/アローン・イン・ザ・レーン (1976).mp3"
Jan 07 14:56 : player: played "Citypop & 80s ~Parallel World~ Vol.1/omake/匍匐恐怖.mp3"
Jan 07 17:23 : player: played "Citypop & 80s ~Parallel World~ Vol.1/omake/探せリップスティック (1982).mp3"
Jan 07 17:27 : player: played "Citypop & 80s ~Parallel World~ Vol.1/omake/SECRET NIGHTLIFE.mp3"
Jan 07 17:31 : player: played "Citypop & 80s ~Parallel World~ Vol.1/omake/アローン・イン・ザ・レーン (1976).mp3"
Jan 07 17:35 : player: played "Citypop & 80s ~Parallel World~ Vol.1/omake/匍匐恐怖.mp3"
Jan 07 17:38 : player: played "Citypop & 80s ~Parallel World~ Vol.1/omake/狙え！羽ばたく.mp3"
Jan 07 22:25 : player: played "Citypop & 80s ~Parallel World~ Vol.1/突然の雨.mp3"
Jan 07 22:29 : player: played "Citypop & 80s ~Parallel World~ Vol.1/突然の雨.mp3"
Jan 07 22:33 : player: played "YOASOBI/Albums/THE BOOK 2/ツバメ (feat. ミドリーズ).mp3"
Jan 07 22:37 : player: played "YOASOBI/Albums/THE BOOK 2/三原色.mp3"
Jan 07 22:37 : player: played "YOASOBI/Albums/THE BOOK 2/Romance.mp3"
Jan 08 07:31 : player: played "YOASOBI/Albums/THE BOOK 2/ツバメ (feat. ミドリーズ).mp3"
Jan 08 07:35 : player: played "YOASOBI/Albums/THE BOOK 2/三原色.mp3"
Jan 08 07:37 : player: played "YOASOBI/Albums/THE BOOK 2/Romance.mp3"
Jan 08 07:39 : player: played "YOASOBI/Albums/THE BOOK 2/もう少しだけ.mp3"
Jan 08 07:45 : player: played "SCANDAL/Albums/BEST SCANDAL/Scandal Baby.mp3"
Jan 08 07:48 : player: played "SCANDAL/Albums/BEST SCANDAL/少女S - Shoujyo S.mp3"
Jan 08 07:49 : player: played "SCANDAL/Albums/BEST SCANDAL/Doll.mp3"
Jan 09 07:42 : player: played "YOASOBI/Albums/THE BOOK 3/勇者.mp3"
Jan 09 07:45 : player: played "YOASOBI/Albums/THE BOOK 3/祝福.mp3"
Jan 09 07:50 : player: played "YOASOBI/Albums/THE BOOK 3/海のまにまに.mp3"
Jan 09 07:53 : player: played "YOASOBI/Albums/THE BOOK 3/ミスター.mp3"
Jan 09 07:56 : player: played "YOASOBI/Albums/THE BOOK 3/アイドル.mp3"
Jan 09 08:00 : player: played "YOASOBI/Albums/THE BOOK 3/セブンティーン.mp3"
Jan 09 08:03 : player: played "YOASOBI/Albums/THE BOOK 3/アドベンチャー.mp3"
Jan 09 08:06 : player: played "YOASOBI/Albums/THE BOOK 3/好きだ.mp3"
Jan 09 13:05 : player: played "YOASOBI/Albums/THE BOOK 3/勇者.mp3"
Jan 09 13:08 : player: played "YOASOBI/Albums/THE BOOK 3/祝福.mp3"
Jan 09 13:13 : player: played "YOASOBI/Albums/THE BOOK 3/海のまにまに.mp3"
Jan 09 13:16 : player: played "YOASOBI/Albums/THE BOOK 3/ミスター.mp3"
Jan 09 13:19 : player: played "YOASOBI/Albums/THE BOOK 3/アイドル.mp3"
Jan 09 13:23 : player: played "YOASOBI/Albums/THE BOOK 3/セブンティーン.mp3"
Jan 09 13:26 : player: played "YOASOBI/Albums/THE BOOK 3/アドベンチャー.mp3"
Jan 09 13:30 : player: played "YOASOBI/Albums/THE BOOK 3/好きだ.mp3"
Jan 09 13:35 : player: played "YOASOBI/Albums/THE BOOK/アンコール.mp3"
Jan 09 13:38 : player: played "YOASOBI/Albums/THE BOOK/ハルジオン.mp3"
Jan 09 13:42 : player: played "YOASOBI/Albums/THE BOOK/あの夢をなぞって.mp3"
Jan 09 13:42 : player: played "YOASOBI/Albums/THE BOOK/たぶん.mp3"
Jan 09 15:04 : player: played "YOASOBI/Albums/THE BOOK/アンコール.mp3"
Jan 10 17:51 : player: played "YOASOBI/Albums/THE BOOK/アンコール.mp3"
Jan 10 18:18 : player: played "YOASOBI/Albums/THE BOOK/ハルジオン.mp3"
Jan 10 22:23 : player: played "YOASOBI/Albums/THE BOOK/アンコール.mp3"
Jan 10 22:27 : update: added Asako Toki/Albums/SAFARI/Black Savanna.mp3
Jan 10 22:27 : update: added Asako Toki/Albums/SAFARI/STRIPE.mp3
Jan 10 22:27 : update: added Asako Toki/Albums/SAFARI/mellow yellow.mp3
Jan 10 22:27 : update: added Asako Toki/Albums/SAFARI/Flame.mp3
Jan 10 22:27 : update: added Asako Toki/Albums/SAFARI/CAN'T STOP (feat. 大橋トリオ).mp3
Jan 10 22:27 : update: added Asako Toki/Albums/SAFARI/SHADOW MONSTER.mp3
Jan 10 22:27 : update: added Asako Toki/Albums/SAFARI/FANTASY.mp3
Jan 10 22:27 : update: added Asako Toki/Albums/SAFARI/SUNNY SIDE.mp3
Jan 10 22:27 : update: added Asako Toki/Albums/SAFARI/Cry For The Moon.mp3
Jan 10 22:27 : update: added Asako Toki/Albums/SAFARI/PINK (under the crane mix).mp3
Jan 10 22:27 : update: added Asako Toki/Albums/SAFARI/名前.mp3
Jan 10 22:28 : player: played "SCANDAL/Albums/BEST SCANDAL/Scandal Baby.mp3"
Jan 10 22:31 : update: updating Asako Toki/Albums/SAFARI/Black Savanna.mp3
Jan 10 22:31 : update: updating Asako Toki/Albums/SAFARI/STRIPE.mp3
Jan 10 22:31 : update: updating Asako Toki/Albums/SAFARI/mellow yellow.mp3
Jan 10 22:31 : update: updating Asako Toki/Albums/SAFARI/Flame.mp3
Jan 10 22:31 : update: updating Asako Toki/Albums/SAFARI/CAN'T STOP (feat. 大橋トリオ).mp3
Jan 10 22:31 : update: updating Asako Toki/Albums/SAFARI/SHADOW MONSTER.mp3
Jan 10 22:31 : update: updating Asako Toki/Albums/SAFARI/FANTASY.mp3
Jan 10 22:31 : update: updating Asako Toki/Albums/SAFARI/SUNNY SIDE.mp3
Jan 10 22:31 : update: updating Asako Toki/Albums/SAFARI/Cry For The Moon.mp3
Jan 10 22:31 : update: updating Asako Toki/Albums/SAFARI/PINK (under the crane mix).mp3
Jan 10 22:31 : update: updating Asako Toki/Albums/SAFARI/名前.mp3
Jan 10 22:31 : update: removing Asako Toki/Albums/SAFARI/名前.mp3
Jan 10 22:31 : update: added Asako Toki/Albums/SAFARI/名前 - namae.mp3
Jan 10 22:32 : player: played "Asako Toki/Albums/SAFARI/SHADOW MONSTER.mp3"
Jan 10 22:32 : update: updating Asako Toki/Albums/SAFARI/Black Savanna.mp3
Jan 10 22:32 : update: updating Asako Toki/Albums/SAFARI/名前 - namae.mp3
Jan 10 22:32 : update: updating Asako Toki/Albums/SAFARI/STRIPE.mp3
Jan 10 22:32 : update: updating Asako Toki/Albums/SAFARI/mellow yellow.mp3
Jan 10 22:32 : update: updating Asako Toki/Albums/SAFARI/Flame.mp3
Jan 10 22:32 : update: updating Asako Toki/Albums/SAFARI/CAN'T STOP (feat. 大橋トリオ).mp3
Jan 10 22:32 : update: updating Asako Toki/Albums/SAFARI/SHADOW MONSTER.mp3
Jan 10 22:32 : update: updating Asako Toki/Albums/SAFARI/FANTASY.mp3
Jan 10 22:32 : update: updating Asako Toki/Albums/SAFARI/SUNNY SIDE.mp3
Jan 10 22:32 : update: updating Asako Toki/Albums/SAFARI/Cry For The Moon.mp3
Jan 10 22:32 : update: updating Asako Toki/Albums/SAFARI/PINK (under the crane mix).mp3
Jan 10 22:42 : player: played "Asako Toki/Albums/SAFARI/CAN'T STOP (feat. 大橋トリオ).mp3"
Jan 10 22:43 : update: added Asako Toki/Albums/TALKIN/MY SUNNY RAINY.mp3
Jan 10 22:43 : update: added Asako Toki/Albums/TALKIN/モンスターを飼い馴らせ.mp3
Jan 10 22:43 : update: added Asako Toki/Albums/TALKIN/カモンナ･マイ･ハウス.mp3
Jan 10 22:43 : update: added Asako Toki/Albums/TALKIN/WALK ON.mp3
Jan 10 22:43 : update: added Asako Toki/Albums/TALKIN/眠れる森のただの女.mp3
Jan 10 22:43 : update: added Asako Toki/Albums/TALKIN/サーファー･ガール.mp3
Jan 10 22:43 : update: added Asako Toki/Albums/TALKIN/青空のかけら.mp3
Jan 10 22:43 : update: added Asako Toki/Albums/TALKIN/風とうわさ.mp3
Jan 10 22:43 : update: added Asako Toki/Albums/TALKIN/ファンタジア.mp3
Jan 10 22:43 : update: added Asako Toki/Albums/TALKIN/HOO-OON.mp3
Jan 10 22:43 : update: added Asako Toki/Albums/TALKIN/TALK SHOW.mp3
Jan 10 22:46 : update: updating Asako Toki/Albums/TALKIN/MY SUNNY RAINY.mp3
Jan 10 22:46 : update: updating Asako Toki/Albums/TALKIN/モンスターを飼い馴らせ.mp3
Jan 10 22:46 : update: updating Asako Toki/Albums/TALKIN/カモンナ･マイ･ハウス.mp3
Jan 10 22:46 : update: updating Asako Toki/Albums/TALKIN/WALK ON.mp3
Jan 10 22:46 : update: updating Asako Toki/Albums/TALKIN/眠れる森のただの女.mp3
Jan 10 22:46 : update: updating Asako Toki/Albums/TALKIN/サーファー･ガール.mp3
Jan 10 22:46 : update: updating Asako Toki/Albums/TALKIN/青空のかけら.mp3
Jan 10 22:46 : update: updating Asako Toki/Albums/TALKIN/風とうわさ.mp3
Jan 10 22:46 : update: updating Asako Toki/Albums/TALKIN/ファンタジア.mp3
Jan 10 22:46 : update: updating Asako Toki/Albums/TALKIN/HOO-OON.mp3
Jan 10 22:46 : update: updating Asako Toki/Albums/TALKIN/TALK SHOW.mp3
Jan 10 22:46 : player: played "Asako Toki/Albums/SAFARI/FANTASY.mp3"
Jan 10 22:47 : player: played "YOASOBI/Albums/THE BOOK/Epilogue.mp3"
Jan 10 22:47 : player: played "YOASOBI/Albums/THE BOOK/アンコール.mp3"
Jan 10 22:51 : player: played "Asako Toki/Albums/TALKIN/青空のかけら.mp3"
Jan 10 22:56 : player: played "Asako Toki/Albums/TALKIN/TALK SHOW.mp3"
Jan 10 22:59 : player: played "Asako Toki/Albums/TALKIN/眠れる森のただの女.mp3"
Jan 11 06:31 : player: played "Asako Toki/Albums/SAFARI/Black Savanna.mp3"
Jan 11 06:35 : player: played "Asako Toki/Albums/SAFARI/CAN'T STOP (feat. 大橋トリオ).mp3"
Jan 11 06:41 : player: played "Asako Toki/Albums/SAFARI/SHADOW MONSTER.mp3"
Jan 11 06:46 : player: played "Asako Toki/Albums/SAFARI/mellow yellow.mp3"
Jan 11 06:51 : player: played "Asako Toki/Albums/SAFARI/名前 - namae.mp3"
Jan 11 07:04 : player: played "Asako Toki/Albums/SAFARI/PINK (under the crane mix).mp3"
Jan 11 07:08 : player: played "YOASOBI/Albums/THE BOOK 3/勇者.mp3"
Jan 11 08:13 : player: played "YOASOBI/Albums/THE BOOK 3/祝福.mp3"
Jan 11 17:41 : player: played "YOASOBI/Albums/THE BOOK 3/勇者.mp3"
Jan 11 18:13 : player: played "YOASOBI/Albums/THE BOOK 3/祝福.mp3"
Jan 11 18:18 : player: played "YOASOBI/Albums/THE BOOK 3/海のまにまに.mp3"
Jan 11 18:21 : player: played "YOASOBI/Albums/THE BOOK 3/ミスター.mp3"
Jan 11 18:24 : player: played "YOASOBI/Albums/THE BOOK 3/アイドル.mp3"
Jan 11 18:27 : player: played "YOASOBI/Albums/THE BOOK 3/セブンティーン.mp3"
Jan 11 18:28 : player: played "Asako Toki/Albums/SAFARI/SHADOW MONSTER.mp3"
Jan 11 18:29 : player: played "Asako Toki/Albums/SAFARI/Black Savanna.mp3"
Jan 11 18:33 : player: played "Asako Toki/Albums/SAFARI/SHADOW MONSTER.mp3"
Jan 11 18:37 : player: played "Asako Toki/Albums/SAFARI/SHADOW MONSTER.mp3"
Jan 11 18:44 : player: played "Asako Toki/Albums/SAFARI/SHADOW MONSTER.mp3"
Jan 11 18:49 : player: played "Asako Toki/Albums/SAFARI/mellow yellow.mp3"
Jan 11 18:49 : player: played "Asako Toki/Albums/SAFARI/名前 - namae.mp3"
Jan 11 18:54 : player: played "Asako Toki/Albums/TALKIN/青空のかけら.mp3"
Jan 11 18:55 : update: added ONE OK ROCK/Albums/35xxxv (Deluxe Edition)/Fight The Night.mp3
Jan 11 18:55 : update: added ONE OK ROCK/Albums/35xxxv (Deluxe Edition)/Stuck In The Middle.mp3
Jan 11 18:55 : update: added ONE OK ROCK/Albums/35xxxv (Deluxe Edition)/The Way Back.mp3
Jan 11 18:55 : update: added ONE OK ROCK/Albums/35xxxv (Deluxe Edition)/Cry Out.mp3
Jan 11 18:55 : update: added ONE OK ROCK/Albums/35xxxv (Deluxe Edition)/One By One.mp3
Jan 11 18:55 : update: added ONE OK ROCK/Albums/35xxxv (Deluxe Edition)/3xxxv5.mp3
Jan 11 18:55 : update: added ONE OK ROCK/Albums/35xxxv (Deluxe Edition)/Mighty Long Fall.mp3
Jan 11 18:55 : update: added ONE OK ROCK/Albums/35xxxv (Deluxe Edition)/Paper Planes (feat. Kellin).mp3
Jan 11 18:55 : update: added ONE OK ROCK/Albums/35xxxv (Deluxe Edition)/Memories.mp3
Jan 11 18:55 : update: added ONE OK ROCK/Albums/35xxxv (Deluxe Edition)/Decision (feat. Tyler Carter).mp3
Jan 11 18:55 : update: added ONE OK ROCK/Albums/35xxxv (Deluxe Edition)/Heartache.mp3
Jan 11 18:55 : update: added ONE OK ROCK/Albums/35xxxv (Deluxe Edition)/Good Goodbye.mp3
Jan 11 18:55 : update: added ONE OK ROCK/Albums/35xxxv (Deluxe Edition)/Last Dance.mp3
Jan 11 18:55 : update: added ONE OK ROCK/Albums/35xxxv (Deluxe Edition)/Suddenly.mp3
Jan 11 18:55 : update: added ONE OK ROCK/Albums/35xxxv (Deluxe Edition)/Take Me To The Top.mp3
Jan 11 18:59 : player: played "Asako Toki/Albums/TALKIN/TALK SHOW.mp3"
Jan 11 18:59 : update: updating ONE OK ROCK/Albums/35xxxv (Deluxe Edition)/Fight The Night.mp3
Jan 11 18:59 : update: updating ONE OK ROCK/Albums/35xxxv (Deluxe Edition)/Stuck In The Middle.mp3
Jan 11 18:59 : update: updating ONE OK ROCK/Albums/35xxxv (Deluxe Edition)/The Way Back.mp3
Jan 11 18:59 : update: updating ONE OK ROCK/Albums/35xxxv (Deluxe Edition)/Cry Out.mp3
Jan 11 18:59 : update: updating ONE OK ROCK/Albums/35xxxv (Deluxe Edition)/One By One.mp3
Jan 11 18:59 : update: updating ONE OK ROCK/Albums/35xxxv (Deluxe Edition)/3xxxv5.mp3
Jan 11 18:59 : update: updating ONE OK ROCK/Albums/35xxxv (Deluxe Edition)/Mighty Long Fall.mp3
Jan 11 18:59 : update: updating ONE OK ROCK/Albums/35xxxv (Deluxe Edition)/Paper Planes (feat. Kellin).mp3
Jan 11 18:59 : update: updating ONE OK ROCK/Albums/35xxxv (Deluxe Edition)/Memories.mp3
Jan 11 18:59 : update: updating ONE OK ROCK/Albums/35xxxv (Deluxe Edition)/Decision (feat. Tyler Carter).mp3
Jan 11 18:59 : update: updating ONE OK ROCK/Albums/35xxxv (Deluxe Edition)/Heartache.mp3
Jan 11 18:59 : update: updating ONE OK ROCK/Albums/35xxxv (Deluxe Edition)/Good Goodbye.mp3
Jan 11 18:59 : update: updating ONE OK ROCK/Albums/35xxxv (Deluxe Edition)/Last Dance.mp3
Jan 11 18:59 : update: updating ONE OK ROCK/Albums/35xxxv (Deluxe Edition)/Suddenly.mp3
Jan 11 18:59 : update: updating ONE OK ROCK/Albums/35xxxv (Deluxe Edition)/Take Me To The Top.mp3
Jan 11 18:59 : player: played "Asako Toki/Albums/TALKIN/眠れる森のただの女.mp3"
Jan 11 19:04 : player: played "ONE OK ROCK/Albums/35xxxv (Deluxe Edition)/Heartache.mp3"
Jan 11 19:22 : player: played "ONE OK ROCK/Albums/35xxxv (Deluxe Edition)/Memories.mp3"
Jan 12 12:04 : player: played "ONE OK ROCK/Albums/35xxxv (Deluxe Edition)/Memories.mp3"
Jan 12 12:04 : update: added Palmy Chiller/Single/Risky Biz (feat. Mayu Wakisaka)/Risky Biz (Instrumental) (feat. Mayu Wakisaka).mp3
Jan 12 12:04 : update: added Palmy Chiller/Single/Risky Biz (feat. Mayu Wakisaka)/Risky Biz (feat. Mayu Wakisaka).mp3
Jan 12 12:06 : update: updating Palmy Chiller/Single/Risky Biz (feat. Mayu Wakisaka)/Risky Biz (Instrumental) (feat. Mayu Wakisaka).mp3
Jan 12 12:06 : update: updating Palmy Chiller/Single/Risky Biz (feat. Mayu Wakisaka)/Risky Biz (feat. Mayu Wakisaka).mp3
Jan 12 12:06 : player: played "ONE OK ROCK/Albums/35xxxv (Deluxe Edition)/Memories.mp3"
Jan 12 12:08 : update: added Palmy Chiller/Single/Risky Biz ~ Japanese Version ~/Risky Biz ~ Japanese Version ~.mp3
Jan 12 12:09 : update: updating Palmy Chiller/Single/Risky Biz ~ Japanese Version ~/Risky Biz ~ Japanese Version ~.mp3
Jan 12 12:10 : player: played "Palmy Chiller/Single/Risky Biz ~ Japanese Version ~/Risky Biz ~ Japanese Version ~.mp3"
Jan 12 12:10 : update: updating Palmy Chiller/Single/Risky Biz (feat. Mayu Wakisaka)/Risky Biz (Instrumental) (feat. Mayu Wakisaka).mp3
Jan 12 12:10 : update: updating Palmy Chiller/Single/Risky Biz (feat. Mayu Wakisaka)/Risky Biz (feat. Mayu Wakisaka).mp3
Jan 12 12:10 : update: updating Palmy Chiller/Single/Risky Biz ~ Japanese Version ~/Risky Biz ~ Japanese Version ~.mp3
Jan 12 12:14 : update: added Palmy Chiller/Single/Wishing You a Good Life/Wishing You a Good Life.mp3
Jan 12 12:14 : update: updating Palmy Chiller/Single/Wishing You a Good Life/Wishing You a Good Life.mp3
Jan 12 12:15 : player: played "Palmy Chiller/Single/Risky Biz ~ Japanese Version ~/Risky Biz ~ Japanese Version ~.mp3"
Jan 12 12:16 : update: added Palmy Chiller/Single/Wishing You a Good Life ~ Japanese Version ~/Wishing You a Good Life ~ Japanese Version ~.mp3
Jan 12 12:17 : update: updating Palmy Chiller/Single/Wishing You a Good Life ~ Japanese Version ~/Wishing You a Good Life ~ Japanese Version ~.mp3
Jan 12 12:17 : player: played "Palmy Chiller/Single/Wishing You a Good Life/Wishing You a Good Life.mp3"
Jan 12 12:19 : player: played "Palmy Chiller/Single/Wishing You a Good Life ~ Japanese Version ~/Wishing You a Good Life ~ Japanese Version ~.mp3"
Jan 12 12:20 : update: added Palmy Chiller/Single/That Crazy Magic/That Crazy Magic.mp3
Jan 12 12:20 : update: added Palmy Chiller/Single/That Crazy Magic/That Crazy Magic (Instrumental Mix).mp3
Jan 12 12:20 : update: updating Palmy Chiller/Single/That Crazy Magic/That Crazy Magic.mp3
Jan 12 12:20 : update: updating Palmy Chiller/Single/That Crazy Magic/That Crazy Magic (Instrumental Mix).mp3
Jan 12 12:21 : update: updating Palmy Chiller/Single/Risky Biz (feat. Mayu Wakisaka)/Risky Biz (Instrumental) (feat. Mayu Wakisaka).mp3
Jan 12 12:21 : update: updating Palmy Chiller/Single/Risky Biz (feat. Mayu Wakisaka)/Risky Biz (feat. Mayu Wakisaka).mp3
Jan 12 12:21 : update: updating Palmy Chiller/Single/Risky Biz ~ Japanese Version ~/Risky Biz ~ Japanese Version ~.mp3
Jan 12 12:21 : update: updating Palmy Chiller/Single/That Crazy Magic/That Crazy Magic.mp3
Jan 12 12:21 : update: updating Palmy Chiller/Single/That Crazy Magic/That Crazy Magic (Instrumental Mix).mp3
Jan 12 12:21 : update: updating Palmy Chiller/Single/Wishing You a Good Life/Wishing You a Good Life.mp3
Jan 12 12:21 : update: updating Palmy Chiller/Single/Wishing You a Good Life ~ Japanese Version ~/Wishing You a Good Life ~ Japanese Version ~.mp3
Jan 12 12:21 : player: played "ONE OK ROCK/Albums/35xxxv (Deluxe Edition)/Heartache.mp3"
Jan 12 12:24 : player: played "Palmy Chiller/Single/That Crazy Magic/That Crazy Magic.mp3"
Jan 12 12:29 : player: played "ONE OK ROCK/Albums/35xxxv (Deluxe Edition)/Heartache.mp3"
Jan 12 12:29 : player: played "Citypop & 80s ~Parallel World~ Vol.1/omake/アローン・イン・ザ・レーン (1976).mp3"
Jan 12 12:32 : update: added ONE OK ROCK/Albums/Niche Syndrome/Nobody's Home.mp3
Jan 12 12:32 : update: added ONE OK ROCK/Albums/Niche Syndrome/混雑コミュニケーション - Konzatu Communication.mp3
Jan 12 12:32 : update: added ONE OK ROCK/Albums/Niche Syndrome/Shake it down.mp3
Jan 12 12:32 : update: added ONE OK ROCK/Albums/Niche Syndrome/Yes I am.mp3
Jan 12 12:32 : update: added ONE OK ROCK/Albums/Niche Syndrome/Riot!!!.mp3
Jan 12 12:32 : update: added ONE OK ROCK/Albums/Niche Syndrome/じぶんROCK.mp3
Jan 12 12:32 : update: added ONE OK ROCK/Albums/Niche Syndrome/未完成交響曲 - Mikansei koukyoukyoku.mp3
Jan 12 12:32 : update: added ONE OK ROCK/Albums/Niche Syndrome/Liar.mp3
Jan 12 12:32 : update: added ONE OK ROCK/Albums/Niche Syndrome/Wherever you are.mp3
Jan 12 12:32 : update: added ONE OK ROCK/Albums/Niche Syndrome/Introduction.mp3
Jan 12 12:32 : update: added ONE OK ROCK/Albums/Niche Syndrome/アダルトスーツ - Adult Suit.mp3
Jan 12 12:32 : update: added ONE OK ROCK/Albums/Niche Syndrome/完全感覚Dreamer - Kanzen kankaku Dreamer.mp3
Jan 12 12:32 : update: added ONE OK ROCK/Albums/Niche Syndrome/Never Let This Go.mp3
Jan 12 12:36 : player: played "Citypop & 80s ~Parallel World~ Vol.1/omake/探せリップスティック (1982).mp3"
Jan 12 12:38 : update: updating ONE OK ROCK/Albums/Niche Syndrome/Nobody's Home.mp3
Jan 12 12:38 : update: updating ONE OK ROCK/Albums/Niche Syndrome/混雑コミュニケーション - Konzatu Communication.mp3
Jan 12 12:38 : update: updating ONE OK ROCK/Albums/Niche Syndrome/Shake it down.mp3
Jan 12 12:38 : update: updating ONE OK ROCK/Albums/Niche Syndrome/Yes I am.mp3
Jan 12 12:38 : update: updating ONE OK ROCK/Albums/Niche Syndrome/Riot!!!.mp3
Jan 12 12:38 : update: updating ONE OK ROCK/Albums/Niche Syndrome/じぶんROCK.mp3
Jan 12 12:38 : update: updating ONE OK ROCK/Albums/Niche Syndrome/未完成交響曲 - Mikansei koukyoukyoku.mp3
Jan 12 12:38 : update: updating ONE OK ROCK/Albums/Niche Syndrome/Liar.mp3
Jan 12 12:38 : update: updating ONE OK ROCK/Albums/Niche Syndrome/Wherever you are.mp3
Jan 12 12:38 : update: updating ONE OK ROCK/Albums/Niche Syndrome/Introduction.mp3
Jan 12 12:38 : update: updating ONE OK ROCK/Albums/Niche Syndrome/アダルトスーツ - Adult Suit.mp3
Jan 12 12:38 : update: updating ONE OK ROCK/Albums/Niche Syndrome/完全感覚Dreamer - Kanzen kankaku Dreamer.mp3
Jan 12 12:38 : update: updating ONE OK ROCK/Albums/Niche Syndrome/Never Let This Go.mp3
Jan 12 12:38 : update: removing ONE OK ROCK/Albums/Niche Syndrome/じぶんROCK.mp3
Jan 12 12:38 : update: added ONE OK ROCK/Albums/Niche Syndrome/じぶんROCK - Jibun ROCK.mp3
Jan 12 12:43 : player: played "ONE OK ROCK/Albums/Niche Syndrome/完全感覚Dreamer - Kanzen kankaku Dreamer.mp3"
Jan 12 12:43 : player: played "ONE OK ROCK/Albums/Niche Syndrome/混雑コミュニケーション - Konzatu Communication.mp3"
Jan 12 12:51 : player: played "YOASOBI/Albums/THE BOOK 3/勇者.mp3"
Jan 12 12:58 : player: played "YOASOBI/Albums/THE BOOK 3/祝福.mp3"
Jan 12 13:12 : player: played "Palmy Chiller/Single/Risky Biz ~ Japanese Version ~/Risky Biz ~ Japanese Version ~.mp3"
Jan 12 20:19 : player: played "ONE OK ROCK/Albums/Niche Syndrome/Never Let This Go.mp3"
Jan 12 20:23 : player: played "ONE OK ROCK/Albums/Niche Syndrome/完全感覚Dreamer - Kanzen kankaku Dreamer.mp3"
Jan 12 20:33 : player: played "ONE OK ROCK/Albums/Niche Syndrome/混雑コミュニケーション - Konzatu Communication.mp3"
Jan 12 20:36 : player: played "ONE OK ROCK/Albums/Niche Syndrome/Yes I am.mp3"
Jan 12 20:42 : player: played "ONE OK ROCK/Albums/Niche Syndrome/Wherever you are.mp3"
Jan 12 20:42 : player: played "ONE OK ROCK/Albums/Niche Syndrome/Riot!!!.mp3"
Jan 12 20:45 : player: played "YOASOBI/Albums/THE BOOK 3/勇者.mp3"
Jan 12 20:49 : player: played "YOASOBI/Albums/THE BOOK 3/祝福.mp3"
Jan 12 20:53 : player: played "YOASOBI/Albums/THE BOOK 3/海のまにまに.mp3"
Jan 12 20:56 : player: played "YOASOBI/Albums/THE BOOK 3/ミスター.mp3"
Jan 12 21:00 : player: played "YOASOBI/Albums/THE BOOK 3/アイドル.mp3"
Jan 12 21:03 : player: played "YOASOBI/Albums/THE BOOK 3/セブンティーン.mp3"
Jan 12 21:06 : player: played "YOASOBI/Albums/THE BOOK 3/アドベンチャー.mp3"
Jan 12 21:06 : player: played "YOASOBI/Albums/THE BOOK 3/好きだ.mp3"
Jan 12 21:18 : player: played "YOASOBI/Albums/THE BOOK 2/ツバメ (feat. ミドリーズ).mp3"
Jan 12 21:22 : player: played "YOASOBI/Albums/THE BOOK 2/三原色.mp3"
Jan 12 21:32 : player: played "YOASOBI/Albums/THE BOOK 2/Romance.mp3"
Jan 12 21:36 : player: played "YOASOBI/Albums/THE BOOK 2/もう少しだけ.mp3"
Jan 12 21:39 : player: played "YOASOBI/Albums/THE BOOK 2/優しい彗星.mp3"
Jan 12 21:43 : player: played "YOASOBI/Albums/THE BOOK 2/怪物.mp3"
Jan 12 21:46 : player: played "YOASOBI/Albums/THE BOOK 2/もしも命が描けたら.mp3"
Jan 12 21:50 : player: played "YOASOBI/Albums/THE BOOK 2/ラブレター.mp3"
Jan 12 21:55 : player: played "ONE OK ROCK/Albums/35xxxv (Deluxe Edition)/Memories.mp3"
Jan 13 00:28 : player: played "ONE OK ROCK/Albums/35xxxv (Deluxe Edition)/Heartache.mp3"
Jan 13 00:29 : player: played "ONE OK ROCK/Albums/35xxxv (Deluxe Edition)/Memories.mp3"
Jan 13 00:42 : player: played "ONE OK ROCK/Albums/35xxxv (Deluxe Edition)/Memories.mp3"
Jan 13 00:42 : player: played "ONE OK ROCK/Albums/35xxxv (Deluxe Edition)/Decision (feat. Tyler Carter).mp3"
Jan 13 00:46 : player: played "ONE OK ROCK/Albums/Niche Syndrome/Never Let This Go.mp3"
Jan 13 00:51 : player: played "ONE OK ROCK/Albums/Niche Syndrome/完全感覚Dreamer - Kanzen kankaku Dreamer.mp3"
Jan 13 00:54 : player: played "ONE OK ROCK/Albums/Niche Syndrome/混雑コミュニケーション - Konzatu Communication.mp3"
Jan 13 00:58 : player: played "ONE OK ROCK/Albums/Niche Syndrome/Yes I am.mp3"
Jan 13 01:01 : player: played "ONE OK ROCK/Albums/Niche Syndrome/Shake it down.mp3"
Jan 13 01:05 : player: played "ONE OK ROCK/Albums/Niche Syndrome/じぶんROCK - Jibun ROCK.mp3"
Jan 13 01:08 : player: played "ONE OK ROCK/Albums/Niche Syndrome/Liar.mp3"
Jan 13 01:13 : player: played "ONE OK ROCK/Albums/Niche Syndrome/Wherever you are.mp3"
Jan 13 01:13 : player: played "ONE OK ROCK/Albums/Niche Syndrome/Riot!!!.mp3"
Jan 13 01:18 : player: played "YOASOBI/Albums/THE BOOK/アンコール.mp3"
Jan 13 01:21 : player: played "YOASOBI/Albums/THE BOOK/ハルジオン.mp3"
Jan 13 13:48 : player: played "ONE OK ROCK/Albums/35xxxv (Deluxe Edition)/Memories.mp3"
Jan 13 13:52 : player: played "ONE OK ROCK/Albums/35xxxv (Deluxe Edition)/Decision (feat. Tyler Carter).mp3"
Jan 13 13:55 : player: played "ONE OK ROCK/Albums/35xxxv (Deluxe Edition)/Paper Planes (feat. Kellin).mp3"
Jan 13 13:59 : player: played "ONE OK ROCK/Albums/35xxxv (Deluxe Edition)/Good Goodbye.mp3"
Jan 13 14:03 : player: played "ONE OK ROCK/Albums/35xxxv (Deluxe Edition)/One By One.mp3"
Jan 13 14:06 : player: played "ONE OK ROCK/Albums/35xxxv (Deluxe Edition)/Stuck In The Middle.mp3"
Jan 13 14:11 : player: played "ONE OK ROCK/Albums/35xxxv (Deluxe Edition)/Fight The Night.mp3"
Jan 13 14:14 : player: played "ONE OK ROCK/Albums/35xxxv (Deluxe Edition)/Last Dance.mp3"
Jan 13 14:17 : player: played "ONE OK ROCK/Albums/35xxxv (Deluxe Edition)/The Way Back.mp3"
Jan 13 17:46 : player: played "YOASOBI/Albums/THE BOOK/アンコール.mp3"
Jan 13 17:49 : player: played "YOASOBI/Albums/THE BOOK/ハルジオン.mp3"
Jan 13 17:53 : player: played "YOASOBI/Albums/THE BOOK/あの夢をなぞって.mp3"
Jan 13 17:57 : player: played "YOASOBI/Albums/THE BOOK/たぶん.mp3"
Jan 13 18:01 : player: played "YOASOBI/Albums/THE BOOK/群青.mp3"
Jan 13 18:06 : player: played "YOASOBI/Albums/THE BOOK/ハルカ.mp3"
Jan 13 18:10 : player: played "YOASOBI/Albums/THE BOOK/夜に駆ける.mp3"
Jan 13 18:13 : player: played "YOASOBI/Albums/THE BOOK 2/ツバメ (feat. ミドリーズ).mp3"
Jan 13 18:17 : player: played "YOASOBI/Albums/THE BOOK 2/三原色.mp3"
Jan 13 18:20 : player: played "YOASOBI/Albums/THE BOOK 2/Romance.mp3"
Jan 13 18:21 : player: played "YOASOBI/Albums/THE BOOK 2/もう少しだけ.mp3"
Jan 14 09:37 : player: played "YOASOBI/Albums/THE BOOK/アンコール.mp3"
Jan 14 09:38 : player: played "YOASOBI/Albums/THE BOOK/ハルジオン.mp3"
Jan 14 09:43 : player: played "Asako Toki/Albums/TALKIN/モンスターを飼い馴らせ.mp3"
Jan 14 09:50 : player: played "Asako Toki/Albums/TALKIN/ファンタジア.mp3"
Jan 14 09:50 : player: played "Asako Toki/Albums/TALKIN/MY SUNNY RAINY.mp3"
Jan 14 09:50 : player: played "ONE OK ROCK/Albums/Niche Syndrome/Never Let This Go.mp3"
Jan 14 13:57 : player: played "ONE OK ROCK/Albums/Niche Syndrome/Never Let This Go.mp3"
Jan 14 14:02 : player: played "ONE OK ROCK/Albums/Niche Syndrome/完全感覚Dreamer - Kanzen kankaku Dreamer.mp3"
Jan 14 14:05 : player: played "ONE OK ROCK/Albums/Niche Syndrome/混雑コミュニケーション - Konzatu Communication.mp3"
Jan 14 14:09 : player: played "ONE OK ROCK/Albums/Niche Syndrome/Yes I am.mp3"
Jan 14 14:12 : player: played "ONE OK ROCK/Albums/Niche Syndrome/Shake it down.mp3"
Jan 14 14:16 : player: played "ONE OK ROCK/Albums/Niche Syndrome/じぶんROCK - Jibun ROCK.mp3"
Jan 14 14:19 : player: played "ONE OK ROCK/Albums/Niche Syndrome/Liar.mp3"
Jan 14 14:24 : player: played "ONE OK ROCK/Albums/Niche Syndrome/Wherever you are.mp3"
Jan 14 14:28 : player: played "ONE OK ROCK/Albums/Niche Syndrome/Riot!!!.mp3"
Jan 14 14:33 : player: played "ONE OK ROCK/Albums/Niche Syndrome/アダルトスーツ - Adult Suit.mp3"
Jan 14 14:36 : player: played "ONE OK ROCK/Albums/Niche Syndrome/未完成交響曲 - Mikansei koukyoukyoku.mp3"
Jan 14 14:40 : player: played "ONE OK ROCK/Albums/Niche Syndrome/Nobody's Home.mp3"
Jan 14 14:42 : player: played "ONE OK ROCK/Albums/35xxxv (Deluxe Edition)/Take Me To The Top.mp3"
Jan 14 14:53 : player: played "Palmy Chiller/Single/Wishing You a Good Life ~ Japanese Version ~/Wishing You a Good Life ~ Japanese Version ~.mp3"
Jan 14 14:57 : player: played "YOASOBI/Albums/THE BOOK 3/勇者.mp3"
Jan 14 15:00 : player: played "YOASOBI/Albums/THE BOOK 3/祝福.mp3"
Jan 14 15:08 : player: played "YOASOBI/Albums/THE BOOK 3/海のまにまに.mp3"
Jan 14 15:10 : player: played "YOASOBI/Albums/THE BOOK 3/ミスター.mp3"
Jan 14 15:11 : player: played "YOASOBI/Albums/THE BOOK 3/勇者.mp3"
Jan 14 17:03 : player: played "YOASOBI/Albums/THE BOOK 3/勇者.mp3"
Jan 14 17:06 : player: played "YOASOBI/Albums/THE BOOK 3/祝福.mp3"
Jan 14 17:11 : player: played "YOASOBI/Albums/THE BOOK 3/海のまにまに.mp3"
Jan 14 17:14 : player: played "YOASOBI/Albums/THE BOOK 3/ミスター.mp3"
Jan 14 17:19 : player: played "YOASOBI/Albums/THE BOOK 3/アイドル.mp3"
Jan 14 17:22 : player: played "YOASOBI/Albums/THE BOOK 3/セブンティーン.mp3"
Jan 14 17:25 : player: played "YOASOBI/Albums/THE BOOK 3/アドベンチャー.mp3"
Jan 14 17:29 : player: played "YOASOBI/Albums/THE BOOK 3/好きだ.mp3"
Jan 14 17:34 : player: played "Palmy Chiller/Single/Risky Biz ~ Japanese Version ~/Risky Biz ~ Japanese Version ~.mp3"
Jan 14 17:39 : player: played "Palmy Chiller/Single/Risky Biz ~ Japanese Version ~/Risky Biz ~ Japanese Version ~.mp3"
Jan 14 17:44 : player: played "Palmy Chiller/Single/Wishing You a Good Life ~ Japanese Version ~/Wishing You a Good Life ~ Japanese Version ~.mp3"
Jan 14 17:45 : player: played "YOASOBI/Albums/THE BOOK 3/勇者.mp3"
Jan 14 17:49 : player: played "ONE OK ROCK/Albums/35xxxv (Deluxe Edition)/Memories.mp3"
Jan 14 17:53 : player: played "ONE OK ROCK/Albums/35xxxv (Deluxe Edition)/Decision (feat. Tyler Carter).mp3"
Jan 14 17:56 : player: played "ONE OK ROCK/Albums/35xxxv (Deluxe Edition)/Paper Planes (feat. Kellin).mp3"
Jan 14 18:00 : player: played "ONE OK ROCK/Albums/35xxxv (Deluxe Edition)/Good Goodbye.mp3"
Jan 14 18:03 : player: played "ONE OK ROCK/Albums/35xxxv (Deluxe Edition)/One By One.mp3"
Jan 14 18:07 : player: played "ONE OK ROCK/Albums/35xxxv (Deluxe Edition)/Stuck In The Middle.mp3"
Jan 14 18:11 : player: played "ONE OK ROCK/Albums/35xxxv (Deluxe Edition)/Fight The Night.mp3"
Jan 14 18:15 : player: played "ONE OK ROCK/Albums/35xxxv (Deluxe Edition)/Last Dance.mp3"
Jan 14 18:15 : player: played "ONE OK ROCK/Albums/35xxxv (Deluxe Edition)/The Way Back.mp3"
Jan 14 18:21 : player: played "Asako Toki/Albums/SAFARI/SHADOW MONSTER.mp3"
Jan 14 18:25 : player: played "Asako Toki/Albums/SAFARI/mellow yellow.mp3"
Jan 14 18:30 : player: played "Asako Toki/Albums/TALKIN/青空のかけら.mp3"
Jan 14 18:35 : player: played "Asako Toki/Albums/TALKIN/TALK SHOW.mp3"
Jan 14 18:42 : player: played "Asako Toki/Albums/TALKIN/青空のかけら.mp3"
Jan 14 18:47 : player: played "Asako Toki/Albums/TALKIN/TALK SHOW.mp3"
Jan 14 18:51 : player: played "Asako Toki/Albums/TALKIN/眠れる森のただの女.mp3"
Jan 14 18:57 : player: played "Asako Toki/Albums/TALKIN/サーファー･ガール.mp3"
Jan 14 18:59 : player: played "Asako Toki/Albums/TALKIN/WALK ON.mp3"
Jan 14 19:01 : player: played "Asako Toki/Albums/TALKIN/風とうわさ.mp3"
Jan 15 15:05 : player: played "Asako Toki/Albums/SAFARI/SHADOW MONSTER.mp3"
Jan 15 15:13 : player: played "ONE OK ROCK/Albums/35xxxv (Deluxe Edition)/Heartache.mp3"
Jan 15 15:29 : player: played "ONE OK ROCK/Albums/35xxxv (Deluxe Edition)/Memories.mp3"
Jan 16 10:53 : player: played "ONE OK ROCK/Albums/35xxxv (Deluxe Edition)/Heartache.mp3"
Jan 16 11:56 : player: played "ONE OK ROCK/Albums/35xxxv (Deluxe Edition)/Memories.mp3"
Jan 16 11:59 : player: played "ONE OK ROCK/Albums/35xxxv (Deluxe Edition)/Decision (feat. Tyler Carter).mp3"
Jan 16 12:03 : player: played "ONE OK ROCK/Albums/35xxxv (Deluxe Edition)/Paper Planes (feat. Kellin).mp3"
Jan 16 12:06 : player: played "ONE OK ROCK/Albums/35xxxv (Deluxe Edition)/Good Goodbye.mp3"
Jan 16 12:09 : player: played "ONE OK ROCK/Albums/35xxxv (Deluxe Edition)/One By One.mp3"
Jan 16 12:15 : player: played "ONE OK ROCK/Albums/Niche Syndrome/Never Let This Go.mp3"
Jan 16 12:19 : player: played "ONE OK ROCK/Albums/Niche Syndrome/完全感覚Dreamer - Kanzen kankaku Dreamer.mp3"
Jan 16 12:19 : player: played "ONE OK ROCK/Albums/Niche Syndrome/混雑コミュニケーション - Konzatu Communication.mp3"
Jan 16 19:45 : player: played "YOASOBI/Albums/THE BOOK 3/勇者.mp3"
Jan 17 17:11 : update: added AKASAKI/Single/Bunny Girl (Slowed Down).mp3
Jan 17 17:11 : update: added AKASAKI/Single/Bunny Girl (Sped Up).mp3
Jan 17 17:11 : update: added AKASAKI/Single/Bunny Girl (Instrumental).mp3
Jan 17 17:11 : update: added AKASAKI/Single/Bunny Girl.mp3
Jan 17 17:12 : update: removing AKASAKI/Single/Bunny Girl.mp3
Jan 17 17:12 : update: removing AKASAKI/Single/Bunny Girl (Sped Up).mp3
Jan 17 17:12 : update: removing AKASAKI/Single/Bunny Girl (Slowed Down).mp3
Jan 17 17:12 : update: removing AKASAKI/Single/Bunny Girl (Instrumental).mp3
Jan 17 17:12 : update: added AKASAKI/Single/Bunny Girl/Bunny Girl (Slowed Down).mp3
Jan 17 17:12 : update: added AKASAKI/Single/Bunny Girl/Bunny Girl (Sped Up).mp3
Jan 17 17:12 : update: added AKASAKI/Single/Bunny Girl/Bunny Girl (Instrumental).mp3
Jan 17 17:12 : update: added AKASAKI/Single/Bunny Girl/Bunny Girl.mp3
Jan 17 17:13 : update: updating AKASAKI/Single/Bunny Girl/Bunny Girl (Slowed Down).mp3
Jan 17 17:13 : update: updating AKASAKI/Single/Bunny Girl/Bunny Girl (Sped Up).mp3
Jan 17 17:13 : update: updating AKASAKI/Single/Bunny Girl/Bunny Girl (Instrumental).mp3
Jan 17 17:13 : update: updating AKASAKI/Single/Bunny Girl/Bunny Girl.mp3
Jan 17 17:16 : player: played "AKASAKI/Single/Bunny Girl/Bunny Girl.mp3"
Jan 17 19:32 : player: played "AKASAKI/Single/Bunny Girl/Bunny Girl.mp3"
Jan 17 19:36 : player: played "AKASAKI/Single/Bunny Girl/Bunny Girl.mp3"
Jan 17 20:50 : player: played "AKASAKI/Single/Bunny Girl/Bunny Girl.mp3"
Jan 17 23:03 : player: played "AKASAKI/Single/Bunny Girl/Bunny Girl.mp3"
Jan 18 14:19 : player: played "AKASAKI/Single/Bunny Girl/Bunny Girl.mp3"
Jan 18 14:23 : player: played "YOASOBI/EP/はじめての/セブンティーン.mp3"
Jan 18 14:27 : player: played "YOASOBI/EP/はじめての/海のまにまに.mp3"
Jan 18 14:31 : player: played "YOASOBI/EP/はじめての/好きだ.mp3"
Jan 18 14:34 : player: played "YOASOBI/EP/はじめての/ミスター.mp3"
Jan 18 14:43 : player: played "ONE OK ROCK/Albums/35xxxv (Deluxe Edition)/Memories.mp3"
Jan 18 14:46 : player: played "ONE OK ROCK/Albums/35xxxv (Deluxe Edition)/Decision (feat. Tyler Carter).mp3"
Jan 18 14:50 : player: played "ONE OK ROCK/Albums/35xxxv (Deluxe Edition)/Paper Planes (feat. Kellin).mp3"
Jan 18 14:54 : player: played "ONE OK ROCK/Albums/35xxxv (Deluxe Edition)/Good Goodbye.mp3"
Jan 18 14:55 : player: played "ONE OK ROCK/Albums/35xxxv (Deluxe Edition)/One By One.mp3"
Jan 18 17:18 : player: played "YOASOBI/Albums/THE BOOK 3/勇者.mp3"
Jan 18 17:24 : player: played "YOASOBI/Albums/THE BOOK 3/勇者.mp3"
Jan 18 17:27 : player: played "YOASOBI/Albums/THE BOOK 3/祝福.mp3"
Jan 18 17:31 : player: played "YOASOBI/Albums/THE BOOK 3/海のまにまに.mp3"
Jan 18 17:34 : player: played "YOASOBI/Albums/THE BOOK 3/ミスター.mp3"
Jan 18 17:38 : player: played "YOASOBI/Albums/THE BOOK 3/アイドル.mp3"
Jan 18 17:41 : player: played "YOASOBI/Albums/THE BOOK 3/セブンティーン.mp3"
Jan 18 17:44 : player: played "YOASOBI/Albums/THE BOOK 3/アドベンチャー.mp3"
Jan 18 17:48 : player: played "YOASOBI/Albums/THE BOOK 3/好きだ.mp3"
Jan 18 17:56 : player: played "AKASAKI/Single/Bunny Girl/Bunny Girl.mp3"
Jan 18 17:56 : player: played "AKASAKI/Single/Bunny Girl/Bunny Girl.mp3"
Jan 18 18:03 : player: played "AKASAKI/Single/Bunny Girl/Bunny Girl.mp3"
Jan 18 18:15 : player: played "AKASAKI/Single/Bunny Girl/Bunny Girl.mp3"
Jan 18 18:29 : client: [4] command "close" during idle
Jan 18 18:30 : player: played "AKASAKI/Single/Bunny Girl/Bunny Girl.mp3"
Jan 18 18:32 : client: [5] command "close" during idle
Jan 18 18:33 : client: [8] command "close" during idle
Jan 18 18:34 : player: played "AKASAKI/Single/Bunny Girl/Bunny Girl.mp3"
Jan 18 18:34 : client: [9] command "close" during idle
Jan 18 18:38 : player: played "AKASAKI/Single/Bunny Girl/Bunny Girl.mp3"
Jan 18 18:39 : player: played "AKASAKI/Single/Bunny Girl/Bunny Girl.mp3"
Jan 18 18:39 : client: [10] command "close" during idle
Jan 18 18:43 : player: played "AKASAKI/Single/Bunny Girl/Bunny Girl.mp3"
Jan 18 18:45 : player: played "AKASAKI/Single/Bunny Girl/Bunny Girl.mp3"
Jan 18 18:45 : client: [0] command "close" during idle
Jan 18 18:45 : player: played "AKASAKI/Single/Bunny Girl/Bunny Girl.mp3"
Jan 18 18:45 : client: [2] command "close" during idle
Jan 18 18:45 : player: played "AKASAKI/Single/Bunny Girl/Bunny Girl.mp3"
Jan 18 18:45 : player: played "Citypop & 80s ~Parallel World~ Vol.1/omake/匍匐恐怖.mp3"
Jan 18 18:46 : client: [4] command "close" during idle
Jan 18 18:50 : player: played "Palmy Chiller/Single/Risky Biz (feat. Mayu Wakisaka)/Risky Biz (feat. Mayu Wakisaka).mp3"
Jan 18 18:54 : player: played "Palmy Chiller/Single/Risky Biz (feat. Mayu Wakisaka)/Risky Biz (Instrumental) (feat. Mayu Wakisaka).mp3"
Jan 18 19:00 : player: played "Palmy Chiller/Single/Risky Biz (feat. Mayu Wakisaka)/Risky Biz (feat. Mayu Wakisaka).mp3"
Jan 18 19:00 : client: [5] command "close" during idle
Jan 18 19:02 : client: [7] command "close" during idle
Jan 18 19:03 : client: [8] command "close" during idle
Jan 18 19:08 : client: [9] command "close" during idle
Jan 18 19:10 : client: [10] command "close" during idle
Jan 18 19:14 : player: played "AKASAKI/Single/Bunny Girl/Bunny Girl.mp3"
Jan 18 19:17 : player: played "AKASAKI/Single/Bunny Girl/Bunny Girl (Sped Up).mp3"
Jan 18 19:20 : player: played "AKASAKI/Single/Bunny Girl/Bunny Girl (Slowed Down).mp3"
Jan 18 20:01 : player: played "AKASAKI/Single/Bunny Girl/Bunny Girl.mp3"
Jan 18 20:02 : player: played "AKASAKI/Single/Bunny Girl/Bunny Girl.mp3"
Jan 18 20:03 : player: played "AKASAKI/Single/Bunny Girl/Bunny Girl.mp3"
Jan 18 20:05 : player: played "AKASAKI/Single/Bunny Girl/Bunny Girl (Sped Up).mp3"
Jan 18 20:06 : player: played "ONE OK ROCK/Albums/35xxxv (Deluxe Edition)/3xxxv5.mp3"
Jan 18 20:10 : player: played "AKASAKI/Single/Bunny Girl/Bunny Girl.mp3"
Jan 18 20:45 : player: played "AKASAKI/Single/Bunny Girl/Bunny Girl.mp3"
Jan 18 20:47 : player: played "AKASAKI/Single/Bunny Girl/Bunny Girl (Instrumental).mp3"
Jan 18 21:12 : player: played "AKASAKI/Single/Bunny Girl/Bunny Girl (Sped Up).mp3"
Jan 18 21:12 : client: [0] command "currentsong" during idle
Jan 18 21:12 : player: played "YOASOBI/EP/はじめての/セブンティーン.mp3"
Jan 18 21:29 : player: played "AKASAKI/Single/Bunny Girl/Bunny Girl.mp3"
Jan 18 21:53 : player: played "AKASAKI/Single/Bunny Girl/Bunny Girl.mp3"
Jan 18 21:58 : player: played "AKASAKI/Single/Bunny Girl/Bunny Girl.mp3"
Jan 18 21:58 : player: played "AKASAKI/Single/Bunny Girl/Bunny Girl.mp3"
Jan 18 21:59 : player: played "AKASAKI/Single/Bunny Girl/Bunny Girl.mp3"
Jan 19 11:13 : player: played "AKASAKI/Single/Bunny Girl/Bunny Girl.mp3"
Jan 19 11:19 : player: played "AKASAKI/Single/Bunny Girl/Bunny Girl.mp3"
Jan 19 11:24 : player: played "Palmy Chiller/Single/Wishing You a Good Life/Wishing You a Good Life.mp3"
Jan 19 12:43 : player: played "Palmy Chiller/Single/Wishing You a Good Life/Wishing You a Good Life.mp3"
Jan 19 12:45 : player: played "AKASAKI/Single/Bunny Girl/Bunny Girl.mp3"
Jan 19 12:53 : player: played "AKASAKI/Single/Bunny Girl/Bunny Girl.mp3"
Jan 19 12:58 : player: played "AKASAKI/Single/Bunny Girl/Bunny Girl.mp3"
Jan 19 13:09 : player: played "AKASAKI/Single/Bunny Girl/Bunny Girl.mp3"
Jan 19 13:15 : update: updating AKASAKI/Single/Bunny Girl/Bunny Girl (Slowed Down).mp3
Jan 19 13:15 : update: updating AKASAKI/Single/Bunny Girl/Bunny Girl (Sped Up).mp3
Jan 19 13:15 : update: updating AKASAKI/Single/Bunny Girl/Bunny Girl (Instrumental).mp3
Jan 19 13:15 : update: updating AKASAKI/Single/Bunny Girl/Bunny Girl.mp3
Jan 19 13:15 : update: updating Asako Toki/Albums/SAFARI/Black Savanna.mp3
Jan 19 13:15 : update: updating Asako Toki/Albums/SAFARI/名前 - namae.mp3
Jan 19 13:15 : update: updating Asako Toki/Albums/SAFARI/STRIPE.mp3
Jan 19 13:15 : update: updating Asako Toki/Albums/SAFARI/mellow yellow.mp3
Jan 19 13:15 : update: updating Asako Toki/Albums/SAFARI/Flame.mp3
Jan 19 13:15 : update: updating Asako Toki/Albums/SAFARI/CAN'T STOP (feat. 大橋トリオ).mp3
Jan 19 13:15 : update: updating Asako Toki/Albums/SAFARI/SHADOW MONSTER.mp3
Jan 19 13:15 : update: updating Asako Toki/Albums/SAFARI/FANTASY.mp3
Jan 19 13:15 : update: updating Asako Toki/Albums/SAFARI/SUNNY SIDE.mp3
Jan 19 13:15 : update: updating Asako Toki/Albums/SAFARI/Cry For The Moon.mp3
Jan 19 13:15 : update: updating Asako Toki/Albums/SAFARI/PINK (under the crane mix).mp3
Jan 19 13:15 : update: updating Asako Toki/Albums/TALKIN/MY SUNNY RAINY.mp3
Jan 19 13:15 : update: updating Asako Toki/Albums/TALKIN/モンスターを飼い馴らせ.mp3
Jan 19 13:15 : update: updating Asako Toki/Albums/TALKIN/カモンナ･マイ･ハウス.mp3
Jan 19 13:15 : update: updating Asako Toki/Albums/TALKIN/WALK ON.mp3
Jan 19 13:15 : update: updating Asako Toki/Albums/TALKIN/眠れる森のただの女.mp3
Jan 19 13:15 : update: updating Asako Toki/Albums/TALKIN/サーファー･ガール.mp3
Jan 19 13:15 : update: updating Asako Toki/Albums/TALKIN/青空のかけら.mp3
Jan 19 13:15 : update: updating Asako Toki/Albums/TALKIN/風とうわさ.mp3
Jan 19 13:15 : update: updating Asako Toki/Albums/TALKIN/ファンタジア.mp3
Jan 19 13:15 : update: updating Asako Toki/Albums/TALKIN/HOO-OON.mp3
Jan 19 13:15 : update: updating Asako Toki/Albums/TALKIN/TALK SHOW.mp3
Jan 19 13:16 : update: updating ONE OK ROCK/Albums/35xxxv (Deluxe Edition)/Fight The Night.mp3
Jan 19 13:16 : update: updating ONE OK ROCK/Albums/35xxxv (Deluxe Edition)/Stuck In The Middle.mp3
Jan 19 13:16 : update: updating ONE OK ROCK/Albums/35xxxv (Deluxe Edition)/The Way Back.mp3
Jan 19 13:16 : update: updating ONE OK ROCK/Albums/35xxxv (Deluxe Edition)/Cry Out.mp3
Jan 19 13:16 : update: updating ONE OK ROCK/Albums/35xxxv (Deluxe Edition)/One By One.mp3
Jan 19 13:16 : update: updating ONE OK ROCK/Albums/35xxxv (Deluxe Edition)/3xxxv5.mp3
Jan 19 13:16 : update: updating ONE OK ROCK/Albums/35xxxv (Deluxe Edition)/Mighty Long Fall.mp3
Jan 19 13:16 : update: updating ONE OK ROCK/Albums/35xxxv (Deluxe Edition)/Paper Planes (feat. Kellin).mp3
Jan 19 13:16 : update: updating ONE OK ROCK/Albums/35xxxv (Deluxe Edition)/Memories.mp3
Jan 19 13:16 : update: updating ONE OK ROCK/Albums/35xxxv (Deluxe Edition)/Decision (feat. Tyler Carter).mp3
Jan 19 13:16 : update: updating ONE OK ROCK/Albums/35xxxv (Deluxe Edition)/Heartache.mp3
Jan 19 13:16 : update: updating ONE OK ROCK/Albums/35xxxv (Deluxe Edition)/Good Goodbye.mp3
Jan 19 13:16 : update: updating ONE OK ROCK/Albums/35xxxv (Deluxe Edition)/Last Dance.mp3
Jan 19 13:16 : update: updating ONE OK ROCK/Albums/35xxxv (Deluxe Edition)/Suddenly.mp3
Jan 19 13:16 : update: updating ONE OK ROCK/Albums/35xxxv (Deluxe Edition)/Take Me To The Top.mp3
Jan 19 13:16 : update: updating ONE OK ROCK/Albums/Niche Syndrome/Nobody's Home.mp3
Jan 19 13:16 : update: updating ONE OK ROCK/Albums/Niche Syndrome/混雑コミュニケーション - Konzatu Communication.mp3
Jan 19 13:16 : update: updating ONE OK ROCK/Albums/Niche Syndrome/Shake it down.mp3
Jan 19 13:16 : update: updating ONE OK ROCK/Albums/Niche Syndrome/じぶんROCK - Jibun ROCK.mp3
Jan 19 13:16 : update: updating ONE OK ROCK/Albums/Niche Syndrome/Yes I am.mp3
Jan 19 13:16 : update: updating ONE OK ROCK/Albums/Niche Syndrome/Riot!!!.mp3
Jan 19 13:16 : update: updating ONE OK ROCK/Albums/Niche Syndrome/未完成交響曲 - Mikansei koukyoukyoku.mp3
Jan 19 13:16 : update: updating ONE OK ROCK/Albums/Niche Syndrome/Liar.mp3
Jan 19 13:16 : update: updating ONE OK ROCK/Albums/Niche Syndrome/Wherever you are.mp3
Jan 19 13:16 : update: updating ONE OK ROCK/Albums/Niche Syndrome/Introduction.mp3
Jan 19 13:16 : update: updating ONE OK ROCK/Albums/Niche Syndrome/アダルトスーツ - Adult Suit.mp3
Jan 19 13:16 : update: updating ONE OK ROCK/Albums/Niche Syndrome/完全感覚Dreamer - Kanzen kankaku Dreamer.mp3
Jan 19 13:16 : update: updating ONE OK ROCK/Albums/Niche Syndrome/Never Let This Go.mp3
Jan 19 13:16 : update: updating Palmy Chiller/Single/Risky Biz (feat. Mayu Wakisaka)/Risky Biz (Instrumental) (feat. Mayu Wakisaka).mp3
Jan 19 13:16 : update: updating Palmy Chiller/Single/Risky Biz (feat. Mayu Wakisaka)/Risky Biz (feat. Mayu Wakisaka).mp3
Jan 19 13:16 : update: updating Palmy Chiller/Single/Risky Biz ~ Japanese Version ~/Risky Biz ~ Japanese Version ~.mp3
Jan 19 13:17 : update: updating Palmy Chiller/Single/That Crazy Magic/That Crazy Magic.mp3
Jan 19 13:17 : update: updating Palmy Chiller/Single/That Crazy Magic/That Crazy Magic (Instrumental Mix).mp3
Jan 19 13:17 : update: updating Palmy Chiller/Single/Wishing You a Good Life/Wishing You a Good Life.mp3
Jan 19 13:17 : update: updating Palmy Chiller/Single/Wishing You a Good Life ~ Japanese Version ~/Wishing You a Good Life ~ Japanese Version ~.mp3
Jan 19 13:17 : update: updating SCANDAL/Albums/BABY ACTION/ハルカ - Haruka.mp3
Jan 19 13:17 : update: updating SCANDAL/Albums/BABY ACTION/Pride.mp3
Jan 19 13:17 : update: updating SCANDAL/Albums/BABY ACTION/スキャンダルなんかブッ飛ばせ - Scandal Nanka Buttobase.mp3
Jan 19 13:17 : update: updating SCANDAL/Albums/BABY ACTION/アップルたちの伝言 - Apple tachinodengon.mp3
Jan 19 13:17 : update: updating SCANDAL/Albums/BABY ACTION/東京スカイスクレイパー - Tokyo Skyscraper.mp3
Jan 19 13:17 : update: updating SCANDAL/Albums/BABY ACTION/Love Survive.mp3
Jan 19 13:17 : update: updating SCANDAL/Albums/BABY ACTION/Glamorous you.mp3
Jan 19 13:17 : update: updating SCANDAL/Albums/BABY ACTION/その時、世界はキミだらけのレイン - Sonotoki sekaiwa kimidarakeno rain.mp3
Jan 19 13:17 : update: updating SCANDAL/Albums/BABY ACTION/Sparkling.mp3
Jan 19 13:17 : update: updating SCANDAL/Albums/BABY ACTION/One Piece.mp3
Jan 19 13:17 : update: updating SCANDAL/Albums/BABY ACTION/Burn.mp3
Jan 19 13:17 : update: updating SCANDAL/Albums/BABY ACTION/Very Special.mp3
Jan 19 13:17 : update: updating SCANDAL/Albums/BEST SCANDAL/夢見るつばさ - Yumemiru Tsubasa.mp3
Jan 19 13:17 : update: updating SCANDAL/Albums/BEST SCANDAL/ひとつだけ - Hitotsudake.mp3
Jan 19 13:17 : update: updating SCANDAL/Albums/BEST SCANDAL/Scandal Baby.mp3
Jan 19 13:17 : update: updating SCANDAL/Albums/BEST SCANDAL/キミと夜と涙 - Kimi To Yoru To Namida.mp3
Jan 19 13:17 : update: updating SCANDAL/Albums/BEST SCANDAL/マボロシナイト - Maboroshi Night.mp3
Jan 19 13:17 : update: updating SCANDAL/Albums/BEST SCANDAL/Doll.mp3
Jan 19 13:17 : update: updating SCANDAL/Albums/BEST SCANDAL/カゲロウ-album mix- - Kagerou.mp3
Jan 19 13:17 : update: updating SCANDAL/Albums/BEST SCANDAL/アナタガマワル - Anata Ga Mawaru.mp3
Jan 19 13:17 : update: updating SCANDAL/Albums/BEST SCANDAL/スペースレンジャー - Space Ranger.mp3
Jan 19 13:17 : update: updating SCANDAL/Albums/BEST SCANDAL/SAKURAグッバイ - Sakura Good Bye.mp3
Jan 19 13:17 : update: updating SCANDAL/Albums/BEST SCANDAL/少女S - Shoujyo S.mp3
Jan 19 13:17 : update: updating SCANDAL/Albums/BEST SCANDAL/Ring!Ring!Ring!.mp3
Jan 19 13:17 : update: updating SCANDAL/Albums/BEST SCANDAL/恋模様 - Koimoyou.mp3
Jan 19 13:17 : update: updating SCANDAL/Albums/TEMPTATION BOX/放課後1H - Hokago 1h.mp3
Jan 19 13:17 : update: updating SCANDAL/Albums/TEMPTATION BOX/さよならMy Friend - Sayonara My Friend.mp3
Jan 19 13:17 : update: updating SCANDAL/Albums/TEMPTATION BOX/Hello!Hello! - Hello Hello.mp3
Jan 19 13:17 : update: updating SCANDAL/Albums/TEMPTATION BOX/会いたい - Aitai.mp3
Jan 19 13:17 : update: updating SCANDAL/Albums/TEMPTATION BOX/Everybody Say Yeah.mp3
Jan 19 13:17 : update: updating SCANDAL/Albums/TEMPTATION BOX/太陽と君が描くSTORY - Taiyo To Kimi Ga Egaku Story.mp3
Jan 19 13:17 : update: updating SCANDAL/Albums/TEMPTATION BOX/少女M - Shojo M.mp3
Jan 19 13:17 : update: updating SCANDAL/Albums/TEMPTATION BOX/Hi-Hi-Hi - Hi Hi Hi.mp3
Jan 19 13:17 : update: updating SCANDAL/Albums/TEMPTATION BOX/Girlism.mp3
Jan 19 13:17 : update: updating SCANDAL/Albums/TEMPTATION BOX/涙のリグレット - Namida No Regret.mp3
Jan 19 13:17 : update: updating SCANDAL/Albums/TEMPTATION BOX/瞬間センチメンタル - Shunkan Sentimental.mp3
Jan 19 13:17 : update: updating SCANDAL/Albums/TEMPTATION BOX/プレイボーイPart II - Play Boy Part2.mp3
Jan 19 13:18 : update: updating YOASOBI/Albums/THE BOOK/Prologue.mp3
Jan 19 13:18 : update: updating YOASOBI/Albums/THE BOOK/Epilogue.mp3
Jan 19 13:18 : update: updating YOASOBI/Albums/THE BOOK/ハルジオン.mp3
Jan 19 13:18 : update: updating YOASOBI/Albums/THE BOOK/夜に駆ける.mp3
Jan 19 13:18 : update: updating YOASOBI/Albums/THE BOOK/あの夢をなぞって.mp3
Jan 19 13:18 : update: updating YOASOBI/Albums/THE BOOK/たぶん.mp3
Jan 19 13:18 : update: updating YOASOBI/Albums/THE BOOK/アンコール.mp3
Jan 19 13:18 : update: updating YOASOBI/Albums/THE BOOK/ハルカ.mp3
Jan 19 13:18 : update: updating YOASOBI/Albums/THE BOOK/群青.mp3
Jan 19 13:18 : update: updating YOASOBI/Albums/THE BOOK 2/優しい彗星.mp3
Jan 19 13:18 : update: updating YOASOBI/Albums/THE BOOK 2/ラブレター.mp3
Jan 19 13:18 : update: updating YOASOBI/Albums/THE BOOK 2/もう少しだけ.mp3
Jan 19 13:18 : update: updating YOASOBI/Albums/THE BOOK 2/もしも命が描けたら.mp3
Jan 19 13:18 : update: updating YOASOBI/Albums/THE BOOK 2/ツバメ (feat. ミドリーズ).mp3
Jan 19 13:18 : update: updating YOASOBI/Albums/THE BOOK 2/三原色.mp3
Jan 19 13:18 : update: updating YOASOBI/Albums/THE BOOK 2/怪物.mp3
Jan 19 13:18 : update: updating YOASOBI/Albums/THE BOOK 2/Romance.mp3
Jan 19 13:18 : update: updating YOASOBI/Albums/THE BOOK 3/アドベンチャー.mp3
Jan 19 13:18 : update: updating YOASOBI/Albums/THE BOOK 3/ミスター.mp3
Jan 19 13:18 : update: updating YOASOBI/Albums/THE BOOK 3/勇者.mp3
Jan 19 13:18 : update: updating YOASOBI/Albums/THE BOOK 3/セブンティーン.mp3
Jan 19 13:18 : update: updating YOASOBI/Albums/THE BOOK 3/海のまにまに.mp3
Jan 19 13:18 : update: updating YOASOBI/Albums/THE BOOK 3/祝福.mp3
Jan 19 13:18 : update: updating YOASOBI/Albums/THE BOOK 3/好きだ.mp3
Jan 19 13:18 : update: updating YOASOBI/Albums/THE BOOK 3/アイドル.mp3
Jan 19 13:18 : update: updating YOASOBI/Albums/THE BOOK 3/Interlude ＂Worship＂.mp3
Jan 19 13:18 : update: updating YOASOBI/Albums/THE BOOK 3/Interlude ＂Awakening＂.mp3
Jan 19 13:19 : update: updating YOASOBI/EP/はじめての/ミスター.mp3
Jan 19 13:19 : update: updating YOASOBI/EP/はじめての/セブンティーン.mp3
Jan 19 13:19 : update: updating YOASOBI/EP/はじめての/海のまにまに.mp3
Jan 19 13:19 : update: updating YOASOBI/EP/はじめての/好きだ.mp3
Jan 19 14:50 : update: added Henry Moodie/EP/in all of my lonely nights/orbit.mp3
Jan 19 14:50 : update: added Henry Moodie/EP/in all of my lonely nights/pick up the phone.mp3
Jan 19 14:50 : update: added Henry Moodie/EP/in all of my lonely nights/drunk text.mp3
Jan 19 14:50 : update: added Henry Moodie/EP/in all of my lonely nights/you were there for me.mp3
Jan 19 14:50 : update: added Henry Moodie/EP/in all of my lonely nights/fight or flight.mp3
Jan 19 14:50 : update: added Henry Moodie/EP/in all of my lonely nights/closure.mp3
Jan 19 14:52 : update: updating Henry Moodie/EP/in all of my lonely nights/orbit.mp3
Jan 19 14:52 : update: updating Henry Moodie/EP/in all of my lonely nights/pick up the phone.mp3
Jan 19 14:52 : update: updating Henry Moodie/EP/in all of my lonely nights/drunk text.mp3
Jan 19 14:52 : update: updating Henry Moodie/EP/in all of my lonely nights/you were there for me.mp3
Jan 19 14:52 : update: updating Henry Moodie/EP/in all of my lonely nights/fight or flight.mp3
Jan 19 14:52 : update: updating Henry Moodie/EP/in all of my lonely nights/closure.mp3
Jan 21 12:09 : player: played "Henry Moodie/EP/in all of my lonely nights/drunk text.mp3"
Jan 21 12:12 : player: played "Henry Moodie/EP/in all of my lonely nights/pick up the phone.mp3"
Jan 21 12:15 : player: played "Henry Moodie/EP/in all of my lonely nights/orbit.mp3"
Jan 21 12:18 : player: played "Henry Moodie/EP/in all of my lonely nights/you were there for me.mp3"
Jan 21 12:21 : player: played "Henry Moodie/EP/in all of my lonely nights/fight or flight.mp3"
Jan 21 12:24 : player: played "Henry Moodie/EP/in all of my lonely nights/closure.mp3"
Jan 21 12:29 : player: played "ONE OK ROCK/Albums/35xxxv (Deluxe Edition)/Take Me To The Top.mp3"
Jan 21 12:33 : player: played "ONE OK ROCK/Albums/35xxxv (Deluxe Edition)/Cry Out.mp3"
Jan 21 12:36 : player: played "ONE OK ROCK/Albums/35xxxv (Deluxe Edition)/Suddenly.mp3"
Jan 21 12:40 : player: played "ONE OK ROCK/Albums/35xxxv (Deluxe Edition)/Mighty Long Fall.mp3"
Jan 21 12:43 : player: played "ONE OK ROCK/Albums/35xxxv (Deluxe Edition)/Heartache.mp3"
Jan 23 02:54 : client: [0] command "close" during idle
Jan 23 13:52 : player: played "ONE OK ROCK/Albums/35xxxv (Deluxe Edition)/Heartache.mp3"
Jan 23 13:55 : player: played "ONE OK ROCK/Albums/35xxxv (Deluxe Edition)/Memories.mp3"
Jan 23 13:57 : player: played "ONE OK ROCK/Albums/35xxxv (Deluxe Edition)/Memories.mp3"
Jan 24 13:36 : update: added Official Hige Dandism/Single/Pretender/Amazing.mp3
Jan 24 13:36 : update: added Official Hige Dandism/Single/Pretender/Pretender (Acoustic Ver).mp3
Jan 24 13:36 : update: added Official Hige Dandism/Single/Pretender/Pretender.mp3
Jan 24 13:37 : update: updating Official Hige Dandism/Single/Pretender/Amazing.mp3
Jan 24 13:37 : update: updating Official Hige Dandism/Single/Pretender/Pretender (Acoustic Ver).mp3
Jan 24 13:37 : update: updating Official Hige Dandism/Single/Pretender/Pretender.mp3
Jan 25 02:19 : player: played "ONE OK ROCK/Albums/35xxxv (Deluxe Edition)/Memories.mp3"
Jan 25 19:40 : player: played "ONE OK ROCK/Albums/35xxxv (Deluxe Edition)/Memories.mp3"
Jan 25 19:51 : player: played "ONE OK ROCK/Albums/35xxxv (Deluxe Edition)/Heartache.mp3"
Jan 25 20:50 : player: played "ONE OK ROCK/Albums/35xxxv (Deluxe Edition)/Memories.mp3"
Jan 25 20:54 : player: played "ONE OK ROCK/Albums/35xxxv (Deluxe Edition)/Decision (feat. Tyler Carter).mp3"
Jan 25 20:57 : player: played "ONE OK ROCK/Albums/35xxxv (Deluxe Edition)/Paper Planes (feat. Kellin).mp3"
Jan 25 21:01 : player: played "ONE OK ROCK/Albums/35xxxv (Deluxe Edition)/Good Goodbye.mp3"
Jan 25 21:04 : player: played "ONE OK ROCK/Albums/35xxxv (Deluxe Edition)/One By One.mp3"
Jan 25 21:08 : player: played "ONE OK ROCK/Albums/35xxxv (Deluxe Edition)/Stuck In The Middle.mp3"
Jan 25 21:11 : player: played "ONE OK ROCK/Albums/35xxxv (Deluxe Edition)/Fight The Night.mp3"
Jan 25 21:16 : player: played "ONE OK ROCK/Albums/35xxxv (Deluxe Edition)/Heartache.mp3"
Jan 26 11:55 : player: played "ONE OK ROCK/Albums/35xxxv (Deluxe Edition)/Memories.mp3"
Jan 26 11:55 : player: played "ONE OK ROCK/Albums/35xxxv (Deluxe Edition)/Decision (feat. Tyler Carter).mp3"
Jan 29 18:48 : player: played "ONE OK ROCK/Albums/35xxxv (Deluxe Edition)/Memories.mp3"
Jan 29 18:50 : player: played "ONE OK ROCK/Albums/35xxxv (Deluxe Edition)/Heartache.mp3"
Feb 01 08:27 : player: played "ONE OK ROCK/Albums/35xxxv (Deluxe Edition)/Memories.mp3"
Feb 01 08:28 : player: played "ONE OK ROCK/Albums/35xxxv (Deluxe Edition)/Decision (feat. Tyler Carter).mp3"
Feb 01 08:31 : player: played "AKASAKI/Single/Bunny Girl/Bunny Girl.mp3"
Feb 02 08:47 : player: played "AKASAKI/Single/Bunny Girl/Bunny Girl.mp3"
Feb 02 09:21 : player: played "AKASAKI/Single/Bunny Girl/Bunny Girl.mp3"
Feb 02 09:25 : player: played "Citypop & 80s ~Parallel World~ Vol.1/omake/SECRET NIGHTLIFE.mp3"
Feb 02 09:29 : player: played "Citypop & 80s ~Parallel World~ Vol.1/omake/アローン・イン・ザ・レーン (1976).mp3"
Feb 02 09:33 : player: played "Citypop & 80s ~Parallel World~ Vol.1/omake/探せリップスティック (1982).mp3"
Feb 02 09:33 : player: played "Citypop & 80s ~Parallel World~ Vol.1/omake/匍匐恐怖.mp3"
Feb 02 09:37 : player: played "Asako Toki/Albums/TALKIN/青空のかけら.mp3"
Feb 02 09:37 : player: played "Asako Toki/Albums/TALKIN/TALK SHOW.mp3"
Feb 02 11:34 : player: played "Palmy Chiller/Single/Wishing You a Good Life ~ Japanese Version ~/Wishing You a Good Life ~ Japanese Version ~.mp3"
Feb 02 11:34 : player: played "Palmy Chiller/Single/Risky Biz ~ Japanese Version ~/Risky Biz ~ Japanese Version ~.mp3"
Feb 03 18:36 : player: played "Palmy Chiller/Single/Wishing You a Good Life ~ Japanese Version ~/Wishing You a Good Life ~ Japanese Version ~.mp3"
Feb 03 18:43 : player: played "Palmy Chiller/Single/Risky Biz ~ Japanese Version ~/Risky Biz ~ Japanese Version ~.mp3"
Feb 03 18:48 : player: played "Palmy Chiller/Single/Wishing You a Good Life ~ Japanese Version ~/Wishing You a Good Life ~ Japanese Version ~.mp3"
Feb 03 18:50 : player: played "AKASAKI/Single/Bunny Girl/Bunny Girl.mp3"
